500
19
31
34
37
45
67
68
79
124
162
170
186
188
190
196
209
253
272
279
280
292
300
311
337
350
391
400
407
433
434
450
468
477
479
483
488
489
494
500
501
532
536
560
577
584
631
676
679
693
727
733
751
752
757
770
772
806
816
832
833
853
853
871
873
892
899
917
935
945
980
1031
1078
1119
1140
1141
1150
1158
1205
1233
1277
1300
1304
1304
1307
1310
1327
1365
1384
1384
1418
1419
1428
1456
1504
1532
1537
1551
1562
1566
1620
1633
1646
1739
1763
1785
1813
1814
1825
1991
1998
2036
2107
2112
2129
2159
2161
2164
2164
2166
2174
2176
2208
2282
2334
2336
2340
2348
2349
2352
2376
2398
2398
2431
2438
2443
2447
2471
2491
2500
2504
2506
2537
2548
2566
2578
2579
2601
2603
2636
2637
2640
2686
2756
2767
2768
2769
2782
2795
2830
2837
2847
2874
2915
2922
2953
3072
3103
3129
3145
3156
3158
3159
3170
3171
3211
3217
3235
3266
3304
3306
3318
3342
3380
3388
3389
3389
3401
3493
3497
3509
3509
3541
3586
3662
3662
3663
3685
3686
3698
3746
3748
3750
3799
3815
3828
3877
3887
3908
3922
3929
3931
3936
3937
3942
3989
3991
3998
4003
4023
4035
4038
4050
4061
4136
4150
4154
4177
4187
4202
4230
4238
4242
4269
4284
4324
4330
4335
4346
4346
4350
4359
4360
4364
4409
4422
4429
4444
4447
4449
4453
4456
4471
4494
4505
4545
4552
4555
4677
4687
4700
4715
4741
4751
4787
4790
4796
4811
4832
4850
4885
4896
4910
4913
4916
4973
4977
4978
4981
5006
5036
5059
5072
5090
5094
5094
5095
5095
5113
5121
5130
5172
5190
5230
5245
5253
5266
5278
5404
5431
5493
5543
5579
5646
5677
5715
5716
5756
5784
5794
5844
5845
5847
5854
5865
5911
5936
5947
5955
5965
5965
5970
6033
6053
6066
6071
6146
6164
6189
6201
6209
6210
6242
6281
6312
6330
6347
6348
6354
6391
6400
6423
6427
6430
6436
6452
6472
6492
6500
6510
6570
6578
6597
6641
6669
6680
6721
6743
6772
6792
6805
6827
6846
6865
6879
6903
6941
6947
6963
6980
6983
7008
7060
7089
7095
7095
7148
7173
7176
7199
7222
7234
7250
7263
7272
7288
7315
7321
7326
7354
7357
7371
7398
7407
7478
7530
7558
7604
7623
7663
7701
7731
7731
7753
7768
7784
7817
7818
7852
7892
7899
7942
7944
7960
7968
8029
8054
8068
8073
8101
8116
8139
8150
8159
8175
8188
8205
8216
8216
8240
8281
8299
8330
8338
8341
8376
8415
8475
8490
8491
8518
8537
8563
8565
8598
8666
8689
8690
8712
8744
8746
8748
8788
8799
8856
8874
8876
8906
8907
8926
8939
8962
8999
9010
9045
9067
9099
9150
9158
9171
9172
9181
9193
9202
9203
9239
9258
9259
9278
9288
9301
9307
9331
9361
9413
9512
9521
9542
9574
9589
9637
9814
9836
9862
9905
9920
9932
9949
9970
9982
9995
