250
19
31
37
67
68
186
188
190
209
253
272
279
280
300
311
391
400
407
433
434
468
479
488
489
501
727
751
757
772
816
853
892
917
1078
1141
1158
1205
1233
1277
1300
1304
1304
1327
1365
1418
1456
1532
1620
1646
1785
1813
1825
1998
2036
2129
2159
2161
2164
2164
2174
2176
2208
2348
2349
2352
2376
2431
2438
2443
2471
2491
2537
2548
2566
2579
2603
2636
2637
2640
2686
2782
2795
2915
3072
3103
3145
3156
3159
3170
3171
3211
3217
3235
3266
3304
3306
3380
3388
3389
3389
3401
3509
3509
3541
3586
3663
3685
3698
3748
3799
3828
3877
3908
3922
3936
3937
4003
4023
4061
4136
4202
4230
4238
4284
4324
4346
4360
4409
4444
4449
4456
4471
4555
4677
4687
4700
4715
4741
4751
4787
4811
4885
4910
4978
5036
5072
5094
5121
5190
5253
5266
5278
5404
5431
5493
5677
5845
5847
5854
5865
5911
5936
5955
5965
5965
6033
6066
6164
6189
6209
6210
6242
6281
6330
6347
6348
6354
6391
6436
6510
6570
6578
6772
6879
6903
6983
7095
7095
7173
7222
7263
7272
7315
7398
7407
7558
7604
7623
7701
7731
7731
7784
7817
7852
7892
7968
8054
8150
8175
8205
8216
8281
8299
8330
8341
8415
8490
8518
8537
8666
8689
8712
8744
8746
8748
8874
8926
9045
9067
9099
9150
9158
9181
9202
9203
9239
9301
9307
9331
9413
9542
9589
9836
9862
9905
9932
9949
9970
9982
9995
