250
34
45
79
124
162
170
196
292
337
350
450
477
483
494
500
532
536
560
577
584
631
676
679
693
733
752
770
806
832
833
853
871
873
899
935
945
980
1031
1119
1140
1150
1307
1310
1384
1384
1419
1428
1504
1537
1551
1562
1566
1633
1739
1763
1814
1991
2107
2112
2166
2282
2334
2336
2340
2398
2398
2447
2500
2504
2506
2578
2601
2756
2767
2768
2769
2830
2837
2847
2874
2922
2953
3129
3158
3318
3342
3493
3497
3662
3662
3686
3746
3750
3815
3887
3929
3931
3942
3989
3991
3998
4035
4038
4050
4150
4154
4177
4187
4242
4269
4330
4335
4346
4350
4359
4364
4422
4429
4447
4453
4494
4505
4545
4552
4790
4796
4832
4850
4896
4913
4916
4973
4977
4981
5006
5059
5090
5094
5095
5095
5113
5130
5172
5230
5245
5543
5579
5646
5715
5716
5756
5784
5794
5844
5947
5970
6053
6071
6146
6201
6312
6400
6423
6427
6430
6452
6472
6492
6500
6597
6641
6669
6680
6721
6743
6792
6805
6827
6846
6865
6941
6947
6963
6980
7008
7060
7089
7148
7176
7199
7234
7250
7288
7321
7326
7354
7357
7371
7478
7530
7663
7753
7768
7818
7899
7942
7944
7960
8029
8068
8073
8101
8116
8139
8159
8188
8216
8240
8338
8376
8475
8491
8563
8565
8598
8690
8788
8799
8856
8876
8906
8907
8939
8962
8999
9010
9171
9172
9193
9258
9259
9278
9288
9361
9512
9521
9574
9637
9814
9920
