1000
7
15
19
22
24
31
34
37
45
50
67
68
71
79
113
120
124
145
151
158
160
160
162
163
170
186
188
190
192
196
207
209
213
228
234
253
265
268
272
279
280
286
288
292
300
311
324
330
337
340
346
350
353
391
393
399
400
407
424
431
432
433
433
434
450
453
464
468
469
477
479
483
488
489
494
500
501
514
529
532
536
543
560
564
571
577
584
613
616
631
634
641
670
676
679
693
700
727
733
740
751
752
757
770
772
781
794
806
816
832
832
833
853
853
871
873
878
892
899
917
935
935
945
958
959
980
1031
1034
1046
1048
1077
1078
1106
1119
1124
1125
1126
1137
1140
1141
1150
1158
1169
1171
1179
1188
1192
1204
1205
1212
1219
1231
1233
1242
1250
1255
1267
1277
1300
1300
1304
1304
1307
1308
1310
1320
1327
1344
1357
1365
1378
1384
1384
1418
1418
1419
1428
1430
1449
1456
1482
1494
1496
1504
1532
1534
1537
1551
1556
1561
1561
1562
1566
1568
1573
1604
1620
1633
1644
1646
1665
1684
1689
1692
1729
1739
1763
1769
1785
1813
1814
1825
1831
1882
1882
1887
1942
1942
1954
1972
1972
1975
1979
1979
1991
1998
2008
2036
2046
2084
2091
2097
2105
2107
2112
2115
2129
2140
2159
2160
2161
2164
2164
2166
2174
2176
2208
2231
2248
2282
2282
2297
2306
2317
2334
2336
2340
2348
2349
2352
2355
2357
2357
2368
2373
2376
2386
2398
2398
2408
2431
2436
2438
2443
2447
2455
2469
2471
2484
2491
2500
2504
2506
2522
2523
2537
2539
2548
2554
2556
2566
2578
2579
2579
2585
2589
2601
2603
2618
2629
2636
2637
2640
2649
2667
2671
2673
2674
2686
2707
2720
2720
2722
2756
2767
2768
2769
2770
2770
2782
2782
2795
2814
2830
2837
2847
2850
2874
2894
2904
2912
2915
2922
2953
2954
2957
2959
3072
3082
3089
3103
3128
3129
3129
3145
3156
3158
3159
3170
3171
3175
3207
3211
3217
3235
3235
3261
3266
3304
3306
3307
3318
3318
3318
3342
3343
3359
3374
3380
3384
3388
3388
3389
3389
3401
3409
3455
3475
3476
3482
3493
3497
3497
3509
3509
3515
3541
3586
3616
3662
3662
3663
3685
3686
3686
3690
3691
3698
3741
3746
3748
3750
3794
3796
3799
3815
3816
3818
3826
3828
3848
3861
3877
3887
3908
3911
3922
3929
3931
3934
3936
3937
3942
3950
3953
3989
3991
3998
4003
4023
4035
4037
4038
4047
4050
4058
4061
4101
4114
4121
4132
4136
4150
4154
4177
4187
4201
4202
4205
4230
4230
4238
4242
4258
4263
4269
4284
4303
4321
4324
4330
4335
4346
4346
4350
4359
4360
4364
4380
4409
4422
4429
4444
4447
4449
4453
4456
4471
4488
4494
4496
4505
4505
4517
4545
4551
4552
4555
4608
4635
4640
4655
4656
4665
4677
4687
4700
4710
4715
4738
4741
4751
4759
4762
4787
4788
4790
4796
4800
4811
4813
4825
4828
4828
4828
4832
4839
4850
4857
4865
4876
4885
4894
4896
4903
4910
4913
4916
4921
4964
4967
4969
4973
4977
4978
4981
4991
5006
5016
5036
5054
5059
5072
5090
5092
5094
5094
5095
5095
5105
5111
5113
5121
5130
5145
5170
5172
5190
5192
5216
5218
5230
5245
5253
5262
5266
5278
5296
5298
5308
5340
5358
5374
5386
5404
5416
5431
5436
5439
5467
5468
5475
5485
5488
5489
5493
5522
5536
5538
5543
5562
5568
5579
5587
5592
5617
5620
5628
5646
5670
5674
5677
5695
5715
5716
5719
5726
5739
5756
5766
5784
5794
5805
5839
5844
5844
5845
5847
5852
5854
5865
5880
5900
5911
5936
5947
5955
5965
5965
5970
5975
5982
5982
6011
6024
6027
6033
6053
6066
6071
6075
6080
6109
6134
6143
6146
6164
6184
6189
6201
6207
6209
6210
6215
6228
6231
6242
6264
6281
6284
6300
6306
6312
6320
6324
6330
6345
6347
6348
6354
6366
6374
6380
6391
6400
6423
6427
6430
6436
6446
6447
6452
6456
6472
6492
6500
6510
6520
6539
6570
6578
6597
6632
6641
6656
6658
6658
6663
6669
6680
6692
6696
6713
6719
6721
6743
6751
6759
6772
6792
6805
6812
6827
6846
6858
6865
6869
6873
6879
6903
6903
6905
6908
6915
6921
6934
6941
6947
6963
6980
6983
7008
7016
7026
7038
7046
7060
7077
7089
7095
7095
7128
7130
7130
7148
7173
7176
7180
7199
7215
7216
7217
7222
7234
7250
7263
7265
7272
7275
7288
7290
7295
7299
7307
7315
7321
7323
7326
7354
7357
7371
7398
7406
7407
7422
7442
7461
7478
7485
7508
7530
7543
7554
7558
7559
7587
7603
7604
7613
7623
7642
7651
7662
7663
7672
7701
7731
7731
7753
7760
7760
7768
7777
7784
7817
7818
7831
7852
7887
7891
7892
7899
7904
7931
7942
7944
7946
7960
7968
7981
7983
8004
8012
8029
8054
8054
8058
8059
8068
8073
8089
8101
8116
8119
8120
8139
8149
8150
8159
8174
8175
8181
8188
8188
8196
8201
8202
8203
8205
8206
8214
8216
8216
8237
8240
8243
8269
8281
8299
8327
8330
8335
8338
8341
8376
8415
8417
8433
8438
8475
8490
8491
8518
8537
8538
8563
8565
8578
8581
8598
8621
8625
8653
8666
8689
8690
8704
8712
8728
8744
8746
8748
8788
8793
8799
8807
8822
8831
8838
8854
8856
8874
8876
8893
8906
8907
8926
8939
8944
8950
8962
8968
8995
8999
9001
9010
9012
9016
9021
9022
9045
9049
9067
9068
9075
9081
9091
9099
9150
9153
9158
9171
9172
9177
9181
9183
9191
9193
9202
9203
9225
9226
9227
9239
9242
9255
9258
9259
9267
9268
9278
9286
9288
9296
9301
9307
9313
9331
9356
9361
9362
9367
9413
9429
9464
9500
9512
9520
9521
9542
9566
9574
9589
9593
9598
9637
9682
9687
9765
9767
9801
9809
9814
9814
9828
9836
9839
9862
9890
9893
9905
9920
9929
9932
9949
9970
9982
9995
9997
9998
