500
7
15
22
24
50
71
113
120
145
151
158
160
160
163
192
207
213
228
234
265
268
286
288
324
330
340
346
353
393
399
424
431
432
433
453
464
469
514
529
543
564
571
613
616
634
641
670
700
740
781
794
832
878
935
958
959
1034
1046
1048
1077
1106
1124
1125
1126
1137
1169
1171
1179
1188
1192
1204
1212
1219
1231
1242
1250
1255
1267
1300
1308
1320
1344
1357
1378
1418
1430
1449
1482
1494
1496
1534
1556
1561
1561
1568
1573
1604
1644
1665
1684
1689
1692
1729
1769
1831
1882
1882
1887
1942
1942
1954
1972
1972
1975
1979
1979
2008
2046
2084
2091
2097
2105
2115
2140
2160
2231
2248
2282
2297
2306
2317
2355
2357
2357
2368
2373
2386
2408
2436
2455
2469
2484
2522
2523
2539
2554
2556
2579
2585
2589
2618
2629
2649
2667
2671
2673
2674
2707
2720
2720
2722
2770
2770
2782
2814
2850
2894
2904
2912
2954
2957
2959
3082
3089
3128
3129
3175
3207
3235
3261
3307
3318
3318
3343
3359
3374
3384
3388
3409
3455
3475
3476
3482
3497
3515
3616
3686
3690
3691
3741
3794
3796
3816
3818
3826
3848
3861
3911
3934
3950
3953
4037
4047
4058
4101
4114
4121
4132
4201
4205
4230
4258
4263
4303
4321
4380
4488
4496
4505
4517
4551
4608
4635
4640
4655
4656
4665
4710
4738
4759
4762
4788
4800
4813
4825
4828
4828
4828
4839
4857
4865
4876
4894
4903
4921
4964
4967
4969
4991
5016
5054
5092
5105
5111
5145
5170
5192
5216
5218
5262
5296
5298
5308
5340
5358
5374
5386
5416
5436
5439
5467
5468
5475
5485
5488
5489
5522
5536
5538
5562
5568
5587
5592
5617
5620
5628
5670
5674
5695
5719
5726
5739
5766
5805
5839
5844
5852
5880
5900
5975
5982
5982
6011
6024
6027
6075
6080
6109
6134
6143
6184
6207
6215
6228
6231
6264
6284
6300
6306
6320
6324
6345
6366
6374
6380
6446
6447
6456
6520
6539
6632
6656
6658
6658
6663
6692
6696
6713
6719
6751
6759
6812
6858
6869
6873
6903
6905
6908
6915
6921
6934
7016
7026
7038
7046
7077
7128
7130
7130
7180
7215
7216
7217
7265
7275
7290
7295
7299
7307
7323
7406
7422
7442
7461
7485
7508
7543
7554
7559
7587
7603
7613
7642
7651
7662
7672
7760
7760
7777
7831
7887
7891
7904
7931
7946
7981
7983
8004
8012
8054
8058
8059
8089
8119
8120
8149
8174
8181
8188
8196
8201
8202
8203
8206
8214
8237
8243
8269
8327
8335
8417
8433
8438
8538
8578
8581
8621
8625
8653
8704
8728
8793
8807
8822
8831
8838
8854
8893
8944
8950
8968
8995
9001
9012
9016
9021
9022
9049
9068
9075
9081
9091
9153
9177
9183
9191
9225
9226
9227
9242
9255
9267
9268
9286
9296
9313
9356
9362
9367
9429
9464
9500
9520
9566
9593
9598
9682
9687
9765
9767
9801
9809
9814
9828
9839
9890
9893
9929
9997
9998
