250
7
15
50
71
120
145
158
160
160
213
228
265
268
286
288
324
330
340
353
393
399
424
431
464
469
514
543
564
571
613
634
641
670
700
740
781
794
1077
1124
1204
1212
1242
1267
1344
1378
1418
1449
1482
1494
1556
1561
1568
1573
1604
1644
1665
1684
1769
1831
1942
2008
2084
2091
2140
2231
2282
2297
2355
2386
2408
2469
2484
2522
2523
2539
2554
2579
2618
2649
2667
2671
2674
2707
2720
2720
2722
2770
2770
2782
2814
2850
2904
2912
2954
3128
3207
3359
3374
3388
3409
3476
3482
3497
3691
3741
3794
3796
3818
3861
3934
3950
4037
4047
4058
4201
4205
4230
4263
4303
4505
4551
4640
4656
4710
4800
4813
4825
4828
4828
4857
4903
4921
4991
5054
5296
5308
5340
5386
5436
5439
5536
5538
5562
5568
5587
5592
5670
5726
5839
5880
5975
5982
6024
6027
6109
6134
6143
6184
6228
6264
6284
6300
6306
6324
6366
6374
6446
6447
6539
6632
6658
6658
6663
6696
6713
6719
6759
6858
6873
6903
7016
7026
7038
7077
7130
7216
7217
7265
7275
7295
7299
7307
7323
7461
7543
7554
7613
7642
7662
7760
7831
7891
7931
7946
7981
7983
8059
8119
8120
8174
8188
8201
8202
8203
8206
8237
8243
8327
8417
8433
8578
8621
8831
8854
8893
8950
9012
9016
9068
9091
9191
9225
9226
9242
9255
9268
9286
9296
9356
9500
9520
9566
9593
9598
9687
9767
9801
9828
9929
9997
