250
22
24
113
151
163
192
207
234
346
432
433
453
529
616
832
878
935
958
959
1034
1046
1048
1106
1125
1126
1137
1169
1171
1179
1188
1192
1219
1231
1250
1255
1300
1308
1320
1357
1430
1496
1534
1561
1689
1692
1729
1882
1882
1887
1942
1954
1972
1972
1975
1979
1979
2046
2097
2105
2115
2160
2248
2306
2317
2357
2357
2368
2373
2436
2455
2556
2585
2589
2629
2673
2894
2957
2959
3082
3089
3129
3175
3235
3261
3307
3318
3318
3343
3384
3455
3475
3515
3616
3686
3690
3816
3826
3848
3911
3953
4101
4114
4121
4132
4258
4321
4380
4488
4496
4517
4608
4635
4655
4665
4738
4759
4762
4788
4828
4839
4865
4876
4894
4964
4967
4969
5016
5092
5105
5111
5145
5170
5192
5216
5218
5262
5298
5358
5374
5416
5467
5468
5475
5485
5488
5489
5522
5617
5620
5628
5674
5695
5719
5739
5766
5805
5844
5852
5900
5982
6011
6075
6080
6207
6215
6231
6320
6345
6380
6456
6520
6656
6692
6751
6812
6869
6905
6908
6915
6921
6934
7046
7128
7130
7180
7215
7290
7406
7422
7442
7485
7508
7559
7587
7603
7651
7672
7760
7777
7887
7904
8004
8012
8054
8058
8089
8149
8181
8196
8214
8269
8335
8438
8538
8581
8625
8653
8704
8728
8793
8807
8822
8838
8944
8968
8995
9001
9021
9022
9049
9075
9081
9153
9177
9183
9227
9267
9313
9362
9367
9429
9464
9682
9765
9809
9814
9839
9890
9893
9998
